<?xml version="1.0" encoding="UTF-8"?>
<!-- Generated by org.testng.reporters.JUnitReportReporter -->
<testsuite hostname="DESKTOP-F52NN2U" failures="0" tests="3" name="webautomation.Mywebautomationframework.HomePageTest" time="8.167" errors="0" timestamp="29 Jun 2020 16:20:15 GMT" skipped="0">
  <testcase classname="webautomation.Mywebautomationframework.HomePageTest" name="basepagenavigation" time="1.417"/>
  <testcase classname="webautomation.Mywebautomationframework.HomePageTest" name="basepagenavigation" time="5.266"/>
  <testcase classname="webautomation.Mywebautomationframework.HomePageTest" name="basepagenavigation" time="1.484"/>
</testsuite> <!-- webautomation.Mywebautomationframework.HomePageTest -->
