<?xml version="1.0" encoding="UTF-8"?>
<!-- Generated by org.testng.reporters.JUnitReportReporter -->
<testsuite hostname="DESKTOP-F52NN2U" failures="0" tests="3" name="webautomation.Mywebautomationframework.HomePageTest" time="9.047" errors="0" timestamp="01 Jul 2020 09:27:17 GMT" skipped="0">
  <testcase classname="webautomation.Mywebautomationframework.HomePageTest" name="basepagenavigation" time="1.566"/>
  <testcase classname="webautomation.Mywebautomationframework.HomePageTest" name="basepagenavigation" time="5.984"/>
  <testcase classname="webautomation.Mywebautomationframework.HomePageTest" name="basepagenavigation" time="1.497"/>
</testsuite> <!-- webautomation.Mywebautomationframework.HomePageTest -->
