<?xml version="1.0" encoding="UTF-8"?>
<!-- Generated by org.testng.reporters.JUnitReportReporter -->
<testsuite hostname="DESKTOP-F52NN2U" failures="0" tests="1" name="webautomation.Mywebautomationframework.ValidateMenu" time="0.113" errors="0" timestamp="29 Jun 2020 15:56:22 GMT" skipped="0">
  <testcase classname="webautomation.Mywebautomationframework.ValidateMenu" name="basepagenavigation" time="0.113"/>
</testsuite> <!-- webautomation.Mywebautomationframework.ValidateMenu -->
