<?xml version="1.0" encoding="UTF-8"?>
<!-- Generated by org.testng.reporters.JUnitReportReporter -->
<testsuite hostname="DESKTOP-F52NN2U" failures="0" tests="4" name="webautomation.Mywebautomationframework.HomePageTest" time="11.254" errors="0" timestamp="01 Jul 2020 19:46:48 GMT" skipped="0">
  <testcase classname="webautomation.Mywebautomationframework.HomePageTest" name="basepagenavigation" time="1.230"/>
  <testcase classname="webautomation.Mywebautomationframework.HomePageTest" name="basepagenavigation" time="1.924"/>
  <testcase classname="webautomation.Mywebautomationframework.HomePageTest" name="forgotpasswordtest" time="0.835"/>
  <testcase classname="webautomation.Mywebautomationframework.HomePageTest" name="basepagenavigation" time="7.265"/>
</testsuite> <!-- webautomation.Mywebautomationframework.HomePageTest -->
