<?xml version="1.0" encoding="UTF-8"?>
<!-- Generated by org.testng.reporters.JUnitReportReporter -->
<testsuite hostname="DESKTOP-F52NN2U" failures="0" tests="3" name="webautomation.Mywebautomationframework.HomePageTest" time="10.652" errors="0" timestamp="30 Jun 2020 20:20:17 GMT" skipped="0">
  <testcase classname="webautomation.Mywebautomationframework.HomePageTest" name="basepagenavigation" time="6.799"/>
  <testcase classname="webautomation.Mywebautomationframework.HomePageTest" name="basepagenavigation" time="1.982"/>
  <testcase classname="webautomation.Mywebautomationframework.HomePageTest" name="basepagenavigation" time="1.871"/>
</testsuite> <!-- webautomation.Mywebautomationframework.HomePageTest -->
