<?xml version="1.0" encoding="UTF-8"?>
<!-- Generated by org.testng.reporters.JUnitReportReporter -->
<testsuite hostname="DESKTOP-F52NN2U" failures="0" tests="1" name="webautomation.Mywebautomationframework.ValidateMenu" time="0.321" errors="0" timestamp="01 Jul 2020 19:46:48 GMT" skipped="0">
  <testcase classname="webautomation.Mywebautomationframework.ValidateMenu" name="validatemenutext" time="0.321"/>
</testsuite> <!-- webautomation.Mywebautomationframework.ValidateMenu -->
