<?xml version="1.0" encoding="UTF-8"?>
<!-- Generated by org.testng.reporters.JUnitReportReporter -->
<testsuite hostname="DESKTOP-F52NN2U" failures="0" tests="3" name="webautomation.Mywebautomationframework.HomePageTest" time="9.442" errors="0" timestamp="30 Jun 2020 18:26:13 GMT" skipped="0">
  <testcase classname="webautomation.Mywebautomationframework.HomePageTest" name="basepagenavigation" time="6.936"/>
  <testcase classname="webautomation.Mywebautomationframework.HomePageTest" name="basepagenavigation" time="1.334"/>
  <testcase classname="webautomation.Mywebautomationframework.HomePageTest" name="basepagenavigation" time="1.172"/>
</testsuite> <!-- webautomation.Mywebautomationframework.HomePageTest -->
