<?xml version="1.0" encoding="UTF-8"?>
<!-- Generated by org.testng.reporters.JUnitReportReporter -->
<testsuite hostname="DESKTOP-F52NN2U" failures="0" tests="1" name="webautomation.Mywebautomationframework.ValidateMenu" time="0.136" errors="0" timestamp="1 Jul 2020 09:36:34 GMT">
  <testcase classname="webautomation.Mywebautomationframework.ValidateMenu" name="validatemenutext" time="0.136"/>
</testsuite> <!-- webautomation.Mywebautomationframework.ValidateMenu -->
