<?xml version="1.0" encoding="UTF-8"?>
<!-- Generated by org.testng.reporters.JUnitReportReporter -->
<testsuite hostname="DESKTOP-F52NN2U" failures="0" tests="4" name="webautomation.Mywebautomationframework.HomePageTest" time="12.231" errors="0" timestamp="2 Jul 2020 13:15:21 GMT">
  <testcase classname="webautomation.Mywebautomationframework.HomePageTest" name="basepagenavigation" time="1.439"/>
  <testcase classname="webautomation.Mywebautomationframework.HomePageTest" name="forgotpasswordtest" time="0.887"/>
  <testcase classname="webautomation.Mywebautomationframework.HomePageTest" name="basepagenavigation" time="1.452"/>
  <testcase classname="webautomation.Mywebautomationframework.HomePageTest" name="basepagenavigation" time="8.453"/>
</testsuite> <!-- webautomation.Mywebautomationframework.HomePageTest -->
