<?xml version="1.0" encoding="UTF-8"?>
<!-- Generated by org.testng.reporters.JUnitReportReporter -->
<testsuite hostname="DESKTOP-F52NN2U" failures="0" tests="3" name="webautomation.Mywebautomationframework.HomePageTest" time="7.008" errors="0" timestamp="30 Jun 2020 14:25:04 GMT">
  <testcase classname="webautomation.Mywebautomationframework.HomePageTest" name="basepagenavigation" time="3.463"/>
  <testcase classname="webautomation.Mywebautomationframework.HomePageTest" name="basepagenavigation" time="1.145"/>
  <testcase classname="webautomation.Mywebautomationframework.HomePageTest" name="basepagenavigation" time="2.400"/>
</testsuite> <!-- webautomation.Mywebautomationframework.HomePageTest -->
