<?xml version="1.0" encoding="UTF-8"?>
<!-- Generated by org.testng.reporters.JUnitReportReporter -->
<testsuite hostname="DESKTOP-F52NN2U" failures="0" tests="1" name="webautomation.Mywebautomationframework.ValidateTitle" time="0.025" errors="0" timestamp="30 Jun 2020 14:25:04 GMT">
  <testcase classname="webautomation.Mywebautomationframework.ValidateTitle" name="basepagenavigation" time="0.025"/>
</testsuite> <!-- webautomation.Mywebautomationframework.ValidateTitle -->
